<?xml version="1.0" encoding="UTF-8"?>
<!-- Generated by org.testng.reporters.JUnitReportReporter -->
<testsuite skipped="0" hostname="VD-5224" name="Selenium_Demo.GitPractice.SampleScenario_01" tests="1" failures="0" timestamp="2022-08-14T18:07:39 IST" time="26.615" errors="0">
  <testcase name="TC01" time="26.615" classname="Selenium_Demo.GitPractice.SampleScenario_01"/>
  <system-out/>
</testsuite> <!-- Selenium_Demo.GitPractice.SampleScenario_01 -->
