<?xml version="1.0" encoding="UTF-8"?>
<!-- Generated by org.testng.reporters.JUnitReportReporter -->
<testsuite skipped="0" hostname="VD-5224" name="Selenium_Demo.GitPractice.SampleScenario_01" tests="1" failures="0" timestamp="03 Jul 2022 15:03:27 GMT" time="9.981" errors="0">
  <testcase name="TC01" time="9.981" classname="Selenium_Demo.GitPractice.SampleScenario_01"/>
</testsuite> <!-- Selenium_Demo.GitPractice.SampleScenario_01 -->
