<?xml version="1.0" encoding="UTF-8"?>
<!-- Generated by org.testng.reporters.JUnitReportReporter -->
<testsuite skipped="0" hostname="VD-5224" name="Selenium_Demo.GitPractice.SampleScenario_01" tests="1" failures="0" timestamp="04 Jul 2022 06:27:42 GMT" time="10.168" errors="0">
  <testcase name="TC01" time="10.168" classname="Selenium_Demo.GitPractice.SampleScenario_01"/>
</testsuite> <!-- Selenium_Demo.GitPractice.SampleScenario_01 -->
